# JRE version: OpenJDK Runtime Environment (8.0_152-b01) (build 1.8.0_152-release-1343-b01)
# Java VM: OpenJDK 64-Bit Server VM (25.152-b01 mixed mode windows-amd64 compressed oops)
Heap:
 PSYoungGen      total 269312K, used 71710K [0x00000000e0000000, 0x00000000f2600000, 0x0000000100000000)
  eden space 251904K, 28% used [0x00000000e0000000,0x00000000e4607a50,0x00000000ef600000)
  from space 17408K, 0% used [0x00000000f0b80000,0x00000000f0b80000,0x00000000f1c80000)
  to   space 22016K, 0% used [0x00000000ef600000,0x00000000ef600000,0x00000000f0b80000)
 ParOldGen       total 518144K, used 37081K [0x00000000a0000000, 0x00000000bfa00000, 0x00000000e0000000)
  object space 518144K, 7% used [0x00000000a0000000,0x00000000a2436530,0x00000000bfa00000)
 Metaspace       used 61675K, capacity 63410K, committed 63640K, reserved 1103872K
  class space    used 8405K, capacity 8834K, committed 8872K, reserved 1048576K
GC Heap History (10 events):
Event: 5.211 GC heap before
{Heap before GC invocations=5 (full 1):
 PSYoungGen      total 153088K, used 65871K [0x00000000e0000000, 0x00000000ee900000, 0x0000000100000000)
  eden space 131584K, 40% used [0x00000000e0000000,0x00000000e33c7bd8,0x00000000e8080000)
  from space 21504K, 59% used [0x00000000e8080000,0x00000000e8d0c120,0x00000000e9580000)
  to   space 21504K, 0% used [0x00000000ed400000,0x00000000ed400000,0x00000000ee900000)
 ParOldGen       total 209408K, used 12593K [0x00000000a0000000, 0x00000000acc80000, 0x00000000e0000000)
  object space 209408K, 6% used [0x00000000a0000000,0x00000000a0c4c5d0,0x00000000acc80000)
 Metaspace       used 34790K, capacity 35494K, committed 35496K, reserved 1079296K
  class space    used 4808K, capacity 5030K, committed 5032K, reserved 1048576K
Event: 5.221 GC heap after
Heap after GC invocations=5 (full 1):
 PSYoungGen      total 217088K, used 10861K [0x00000000e0000000, 0x00000000eec00000, 0x0000000100000000)
  eden space 195584K, 0% used [0x00000000e0000000,0x00000000e0000000,0x00000000ebf00000)
  from space 21504K, 50% used [0x00000000ed400000,0x00000000ede9b510,0x00000000ee900000)
  to   space 21504K, 0% used [0x00000000ebf00000,0x00000000ebf00000,0x00000000ed400000)
 ParOldGen       total 209408K, used 12601K [0x00000000a0000000, 0x00000000acc80000, 0x00000000e0000000)
  object space 209408K, 6% used [0x00000000a0000000,0x00000000a0c4e5d0,0x00000000acc80000)
 Metaspace       used 34790K, capacity 35494K, committed 35496K, reserved 1079296K
  class space    used 4808K, capacity 5030K, committed 5032K, reserved 1048576K
}
Event: 5.221 GC heap before
{Heap before GC invocations=6 (full 2):
 PSYoungGen      total 217088K, used 10861K [0x00000000e0000000, 0x00000000eec00000, 0x0000000100000000)
  eden space 195584K, 0% used [0x00000000e0000000,0x00000000e0000000,0x00000000ebf00000)
  from space 21504K, 50% used [0x00000000ed400000,0x00000000ede9b510,0x00000000ee900000)
  to   space 21504K, 0% used [0x00000000ebf00000,0x00000000ebf00000,0x00000000ed400000)
 ParOldGen       total 209408K, used 12601K [0x00000000a0000000, 0x00000000acc80000, 0x00000000e0000000)
  object space 209408K, 6% used [0x00000000a0000000,0x00000000a0c4e5d0,0x00000000acc80000)
 Metaspace       used 34790K, capacity 35494K, committed 35496K, reserved 1079296K
  class space    used 4808K, capacity 5030K, committed 5032K, reserved 1048576K
Event: 5.281 GC heap after
Heap after GC invocations=6 (full 2):
 PSYoungGen      total 217088K, used 0K [0x00000000e0000000, 0x00000000eec00000, 0x0000000100000000)
  eden space 195584K, 0% used [0x00000000e0000000,0x00000000e0000000,0x00000000ebf00000)
  from space 21504K, 0% used [0x00000000ed400000,0x00000000ed400000,0x00000000ee900000)
  to   space 21504K, 0% used [0x00000000ebf00000,0x00000000ebf00000,0x00000000ed400000)
 ParOldGen       total 344576K, used 17847K [0x00000000a0000000, 0x00000000b5080000, 0x00000000e0000000)
  object space 344576K, 5% used [0x00000000a0000000,0x00000000a116dc58,0x00000000b5080000)
 Metaspace       used 34777K, capacity 35452K, committed 35496K, reserved 1079296K
  class space    used 4805K, capacity 5023K, committed 5032K, reserved 1048576K
}
Event: 7.878 GC heap before
{Heap before GC invocations=7 (full 2):
 PSYoungGen      total 217088K, used 195584K [0x00000000e0000000, 0x00000000eec00000, 0x0000000100000000)
  eden space 195584K, 100% used [0x00000000e0000000,0x00000000ebf00000,0x00000000ebf00000)
  from space 21504K, 0% used [0x00000000ed400000,0x00000000ed400000,0x00000000ee900000)
  to   space 21504K, 0% used [0x00000000ebf00000,0x00000000ebf00000,0x00000000ed400000)
 ParOldGen       total 344576K, used 17847K [0x00000000a0000000, 0x00000000b5080000, 0x00000000e0000000)
  object space 344576K, 5% used [0x00000000a0000000,0x00000000a116dc58,0x00000000b5080000)
 Metaspace       used 46903K, capacity 47924K, committed 48168K, reserved 1091584K
  class space    used 6380K, capacity 6667K, committed 6696K, reserved 1048576K
Event: 7.892 GC heap after
Heap after GC invocations=7 (full 2):
 PSYoungGen      total 217088K, used 17292K [0x00000000e0000000, 0x00000000f1c80000, 0x0000000100000000)
  eden space 195584K, 0% used [0x00000000e0000000,0x00000000e0000000,0x00000000ebf00000)
  from space 21504K, 80% used [0x00000000ebf00000,0x00000000ecfe3248,0x00000000ed400000)
  to   space 17408K, 0% used [0x00000000f0b80000,0x00000000f0b80000,0x00000000f1c80000)
 ParOldGen       total 344576K, used 17855K [0x00000000a0000000, 0x00000000b5080000, 0x00000000e0000000)
  object space 344576K, 5% used [0x00000000a0000000,0x00000000a116fc58,0x00000000b5080000)
 Metaspace       used 46903K, capacity 47924K, committed 48168K, reserved 1091584K
  class space    used 6380K, capacity 6667K, committed 6696K, reserved 1048576K
}
Event: 10.125 GC heap before
{Heap before GC invocations=8 (full 2):
 PSYoungGen      total 217088K, used 201459K [0x00000000e0000000, 0x00000000f1c80000, 0x0000000100000000)
  eden space 195584K, 94% used [0x00000000e0000000,0x00000000eb3d9bd8,0x00000000ebf00000)
  from space 21504K, 80% used [0x00000000ebf00000,0x00000000ecfe3248,0x00000000ed400000)
  to   space 17408K, 0% used [0x00000000f0b80000,0x00000000f0b80000,0x00000000f1c80000)
 ParOldGen       total 344576K, used 17855K [0x00000000a0000000, 0x00000000b5080000, 0x00000000e0000000)
  object space 344576K, 5% used [0x00000000a0000000,0x00000000a116fc58,0x00000000b5080000)
 Metaspace       used 57589K, capacity 59082K, committed 59160K, reserved 1099776K
  class space    used 7792K, capacity 8161K, committed 8232K, reserved 1048576K
Event: 10.145 GC heap after
Heap after GC invocations=8 (full 2):
 PSYoungGen      total 269312K, used 17394K [0x00000000e0000000, 0x00000000f2600000, 0x0000000100000000)
  eden space 251904K, 0% used [0x00000000e0000000,0x00000000e0000000,0x00000000ef600000)
  from space 17408K, 99% used [0x00000000f0b80000,0x00000000f1c7c9f0,0x00000000f1c80000)
  to   space 22016K, 0% used [0x00000000ef600000,0x00000000ef600000,0x00000000f0b80000)
 ParOldGen       total 344576K, used 22886K [0x00000000a0000000, 0x00000000b5080000, 0x00000000e0000000)
  object space 344576K, 6% used [0x00000000a0000000,0x00000000a1659818,0x00000000b5080000)
 Metaspace       used 57589K, capacity 59082K, committed 59160K, reserved 1099776K
  class space    used 7792K, capacity 8161K, committed 8232K, reserved 1048576K
}
Event: 10.145 GC heap before
{Heap before GC invocations=9 (full 3):
 PSYoungGen      total 269312K, used 17394K [0x00000000e0000000, 0x00000000f2600000, 0x0000000100000000)
  eden space 251904K, 0% used [0x00000000e0000000,0x00000000e0000000,0x00000000ef600000)
  from space 17408K, 99% used [0x00000000f0b80000,0x00000000f1c7c9f0,0x00000000f1c80000)
  to   space 22016K, 0% used [0x00000000ef600000,0x00000000ef600000,0x00000000f0b80000)
 ParOldGen       total 344576K, used 22886K [0x00000000a0000000, 0x00000000b5080000, 0x00000000e0000000)
  object space 344576K, 6% used [0x00000000a0000000,0x00000000a1659818,0x00000000b5080000)
 Metaspace       used 57589K, capacity 59082K, committed 59160K, reserved 1099776K
  class space    used 7792K, capacity 8161K, committed 8232K, reserved 1048576K
Event: 10.394 GC heap after
Heap after GC invocations=9 (full 3):
 PSYoungGen      total 269312K, used 0K [0x00000000e0000000, 0x00000000f2600000, 0x0000000100000000)
  eden space 251904K, 0% used [0x00000000e0000000,0x00000000e0000000,0x00000000ef600000)
  from space 17408K, 0% used [0x00000000f0b80000,0x00000000f0b80000,0x00000000f1c80000)
  to   space 22016K, 0% used [0x00000000ef600000,0x00000000ef600000,0x00000000f0b80000)
 ParOldGen       total 518144K, used 37081K [0x00000000a0000000, 0x00000000bfa00000, 0x00000000e0000000)
  object space 518144K, 7% used [0x00000000a0000000,0x00000000a2436530,0x00000000bfa00000)
 Metaspace       used 57589K, capacity 59082K, committed 59160K, reserved 1099776K
  class space    used 7792K, capacity 8161K, committed 8232K, reserved 1048576K
}

