# JRE version: OpenJDK Runtime Environment (8.0_152-b01) (build 1.8.0_152-release-1343-b01)
# Java VM: OpenJDK 64-Bit Server VM (25.152-b01 mixed mode windows-amd64 compressed oops)
Heap:
 PSYoungGen      total 282624K, used 17407K [0x00000000e0000000, 0x00000000f3080000, 0x0000000100000000)
  eden space 265216K, 0% used [0x00000000e0000000,0x00000000e0000000,0x00000000f0300000)
  from space 17408K, 99% used [0x00000000f1880000,0x00000000f297fe78,0x00000000f2980000)
  to   space 22016K, 0% used [0x00000000f0300000,0x00000000f0300000,0x00000000f1880000)
 ParOldGen       total 325632K, used 22850K [0x00000000a0000000, 0x00000000b3e00000, 0x00000000e0000000)
  object space 325632K, 7% used [0x00000000a0000000,0x00000000a1650b70,0x00000000b3e00000)
 Metaspace       used 57619K, capacity 59086K, committed 59160K, reserved 1099776K
  class space    used 7785K, capacity 8184K, committed 8232K, reserved 1048576K
GC Heap History (10 events):
Event: 4.052 GC heap after
Heap after GC invocations=4 (full 1):
 PSYoungGen      total 153088K, used 13032K [0x00000000e0000000, 0x00000000eed00000, 0x0000000100000000)
  eden space 131584K, 0% used [0x00000000e0000000,0x00000000e0000000,0x00000000e8080000)
  from space 21504K, 60% used [0x00000000e8080000,0x00000000e8d3a1e8,0x00000000e9580000)
  to   space 21504K, 0% used [0x00000000ed800000,0x00000000ed800000,0x00000000eed00000)
 ParOldGen       total 203264K, used 12602K [0x00000000a0000000, 0x00000000ac680000, 0x00000000e0000000)
  object space 203264K, 6% used [0x00000000a0000000,0x00000000a0c4ebb8,0x00000000ac680000)
 Metaspace       used 31968K, capacity 32484K, committed 32768K, reserved 1077248K
  class space    used 4408K, capacity 4586K, committed 4608K, reserved 1048576K
}
Event: 4.647 GC heap before
{Heap before GC invocations=5 (full 1):
 PSYoungGen      total 153088K, used 64225K [0x00000000e0000000, 0x00000000eed00000, 0x0000000100000000)
  eden space 131584K, 38% used [0x00000000e0000000,0x00000000e31fe538,0x00000000e8080000)
  from space 21504K, 60% used [0x00000000e8080000,0x00000000e8d3a1e8,0x00000000e9580000)
  to   space 21504K, 0% used [0x00000000ed800000,0x00000000ed800000,0x00000000eed00000)
 ParOldGen       total 203264K, used 12602K [0x00000000a0000000, 0x00000000ac680000, 0x00000000e0000000)
  object space 203264K, 6% used [0x00000000a0000000,0x00000000a0c4ebb8,0x00000000ac680000)
 Metaspace       used 34715K, capacity 35420K, committed 35496K, reserved 1079296K
  class space    used 4798K, capacity 5005K, committed 5032K, reserved 1048576K
Event: 4.656 GC heap after
Heap after GC invocations=5 (full 1):
 PSYoungGen      total 221184K, used 10605K [0x00000000e0000000, 0x00000000ef000000, 0x0000000100000000)
  eden space 199680K, 0% used [0x00000000e0000000,0x00000000e0000000,0x00000000ec300000)
  from space 21504K, 49% used [0x00000000ed800000,0x00000000ee25b510,0x00000000eed00000)
  to   space 21504K, 0% used [0x00000000ec300000,0x00000000ec300000,0x00000000ed800000)
 ParOldGen       total 203264K, used 12610K [0x00000000a0000000, 0x00000000ac680000, 0x00000000e0000000)
  object space 203264K, 6% used [0x00000000a0000000,0x00000000a0c50bb8,0x00000000ac680000)
 Metaspace       used 34715K, capacity 35420K, committed 35496K, reserved 1079296K
  class space    used 4798K, capacity 5005K, committed 5032K, reserved 1048576K
}
Event: 4.656 GC heap before
{Heap before GC invocations=6 (full 2):
 PSYoungGen      total 221184K, used 10605K [0x00000000e0000000, 0x00000000ef000000, 0x0000000100000000)
  eden space 199680K, 0% used [0x00000000e0000000,0x00000000e0000000,0x00000000ec300000)
  from space 21504K, 49% used [0x00000000ed800000,0x00000000ee25b510,0x00000000eed00000)
  to   space 21504K, 0% used [0x00000000ec300000,0x00000000ec300000,0x00000000ed800000)
 ParOldGen       total 203264K, used 12610K [0x00000000a0000000, 0x00000000ac680000, 0x00000000e0000000)
  object space 203264K, 6% used [0x00000000a0000000,0x00000000a0c50bb8,0x00000000ac680000)
 Metaspace       used 34715K, capacity 35420K, committed 35496K, reserved 1079296K
  class space    used 4798K, capacity 5005K, committed 5032K, reserved 1048576K
Event: 4.703 GC heap after
Heap after GC invocations=6 (full 2):
 PSYoungGen      total 221184K, used 0K [0x00000000e0000000, 0x00000000ef000000, 0x0000000100000000)
  eden space 199680K, 0% used [0x00000000e0000000,0x00000000e0000000,0x00000000ec300000)
  from space 21504K, 0% used [0x00000000ed800000,0x00000000ed800000,0x00000000eed00000)
  to   space 21504K, 0% used [0x00000000ec300000,0x00000000ec300000,0x00000000ed800000)
 ParOldGen       total 325632K, used 17635K [0x00000000a0000000, 0x00000000b3e00000, 0x00000000e0000000)
  object space 325632K, 5% used [0x00000000a0000000,0x00000000a1138dc8,0x00000000b3e00000)
 Metaspace       used 34691K, capacity 35342K, committed 35496K, reserved 1079296K
  class space    used 4791K, capacity 4992K, committed 5032K, reserved 1048576K
}
Event: 6.994 GC heap before
{Heap before GC invocations=7 (full 2):
 PSYoungGen      total 221184K, used 199680K [0x00000000e0000000, 0x00000000ef000000, 0x0000000100000000)
  eden space 199680K, 100% used [0x00000000e0000000,0x00000000ec300000,0x00000000ec300000)
  from space 21504K, 0% used [0x00000000ed800000,0x00000000ed800000,0x00000000eed00000)
  to   space 21504K, 0% used [0x00000000ec300000,0x00000000ec300000,0x00000000ed800000)
 ParOldGen       total 325632K, used 17635K [0x00000000a0000000, 0x00000000b3e00000, 0x00000000e0000000)
  object space 325632K, 5% used [0x00000000a0000000,0x00000000a1138dc8,0x00000000b3e00000)
 Metaspace       used 46852K, capacity 47906K, committed 48168K, reserved 1091584K
  class space    used 6357K, capacity 6622K, committed 6696K, reserved 1048576K
Event: 7.006 GC heap after
Heap after GC invocations=7 (full 2):
 PSYoungGen      total 221184K, used 17295K [0x00000000e0000000, 0x00000000f2980000, 0x0000000100000000)
  eden space 199680K, 0% used [0x00000000e0000000,0x00000000e0000000,0x00000000ec300000)
  from space 21504K, 80% used [0x00000000ec300000,0x00000000ed3e3de0,0x00000000ed800000)
  to   space 17408K, 0% used [0x00000000f1880000,0x00000000f1880000,0x00000000f2980000)
 ParOldGen       total 325632K, used 17643K [0x00000000a0000000, 0x00000000b3e00000, 0x00000000e0000000)
  object space 325632K, 5% used [0x00000000a0000000,0x00000000a113adc8,0x00000000b3e00000)
 Metaspace       used 46852K, capacity 47906K, committed 48168K, reserved 1091584K
  class space    used 6357K, capacity 6622K, committed 6696K, reserved 1048576K
}
Event: 9.084 GC heap before
{Heap before GC invocations=8 (full 2):
 PSYoungGen      total 221184K, used 202987K [0x00000000e0000000, 0x00000000f2980000, 0x0000000100000000)
  eden space 199680K, 92% used [0x00000000e0000000,0x00000000eb556f30,0x00000000ec300000)
  from space 21504K, 80% used [0x00000000ec300000,0x00000000ed3e3de0,0x00000000ed800000)
  to   space 17408K, 0% used [0x00000000f1880000,0x00000000f1880000,0x00000000f2980000)
 ParOldGen       total 325632K, used 17643K [0x00000000a0000000, 0x00000000b3e00000, 0x00000000e0000000)
  object space 325632K, 5% used [0x00000000a0000000,0x00000000a113adc8,0x00000000b3e00000)
 Metaspace       used 57619K, capacity 59086K, committed 59160K, reserved 1099776K
  class space    used 7785K, capacity 8184K, committed 8232K, reserved 1048576K
Event: 9.101 GC heap after
Heap after GC invocations=8 (full 2):
 PSYoungGen      total 282624K, used 17407K [0x00000000e0000000, 0x00000000f3080000, 0x0000000100000000)
  eden space 265216K, 0% used [0x00000000e0000000,0x00000000e0000000,0x00000000f0300000)
  from space 17408K, 99% used [0x00000000f1880000,0x00000000f297fe78,0x00000000f2980000)
  to   space 22016K, 0% used [0x00000000f0300000,0x00000000f0300000,0x00000000f1880000)
 ParOldGen       total 325632K, used 22850K [0x00000000a0000000, 0x00000000b3e00000, 0x00000000e0000000)
  object space 325632K, 7% used [0x00000000a0000000,0x00000000a1650b70,0x00000000b3e00000)
 Metaspace       used 57619K, capacity 59086K, committed 59160K, reserved 1099776K
  class space    used 7785K, capacity 8184K, committed 8232K, reserved 1048576K
}
Event: 9.101 GC heap before
{Heap before GC invocations=9 (full 3):
 PSYoungGen      total 282624K, used 17407K [0x00000000e0000000, 0x00000000f3080000, 0x0000000100000000)
  eden space 265216K, 0% used [0x00000000e0000000,0x00000000e0000000,0x00000000f0300000)
  from space 17408K, 99% used [0x00000000f1880000,0x00000000f297fe78,0x00000000f2980000)
  to   space 22016K, 0% used [0x00000000f0300000,0x00000000f0300000,0x00000000f1880000)
 ParOldGen       total 325632K, used 22850K [0x00000000a0000000, 0x00000000b3e00000, 0x00000000e0000000)
  object space 325632K, 7% used [0x00000000a0000000,0x00000000a1650b70,0x00000000b3e00000)
 Metaspace       used 57619K, capacity 59086K, committed 59160K, reserved 1099776K
  class space    used 7785K, capacity 8184K, committed 8232K, reserved 1048576K

